1746861679835:hello abc
1746861688572:greet abc
1746864218407:login 111 111
1746864222717:login 1 1
1746865182673:logout
1746865186108:login 1 1
1746865516405:logout
1746865667571:login 1 1
1746865676187:current-user
1746865678841:help
1746865687559:current-user
1746865693804:logout
1746865695859:current-user
1746865717672:login 1 1
1746866872803:city
1746944796820:logout
1746944799010:login 1 1
1746944803175:city
1746945260283:login 1 1
1746945262155:city
1746945278304:login 1 1
1746945284639:city
1746946004642:login 2 1
1746946008594:login 1 1
1746946010863:city
1746946012987:logout
1746946015131:city
1746946181017:login 2 2
1746946183991:city
1746946261309:login 1 1
1746946262494:city
1746946486704:login 1 1
1746946487636:city
1746946778943:sector
1746947156806:city
1746947163007:sector
1746947166622:sector jj
1746947366621:city
1746947371749:sector 동두천시
1746947377742:login 1 1
1746947380413:sector 동두천시
1746947911154:login 1 1
1746947913969:sector 동두천시
1746947918663:sector 동두천시11
1746948134413:login 1 1
1746948136885:city
1746948157762:sector 파주시
1746948161448:sector 파주시11
